\BOOKMARK [1][-]{section.1}{\376\377\000G\000e\000n\000e\000r\000a\000l\000\040\000P\000r\000o\000j\000e\000c\000t\000\040\000O\000v\000e\000r\000v\000i\000e\000w}{}% 1
\BOOKMARK [1][-]{section.2}{\376\377\000S\000y\000s\000t\000e\000m\000\040\000A\000r\000c\000h\000i\000t\000e\000c\000t\000u\000r\000e}{}% 2
\BOOKMARK [1][-]{section.3}{\376\377\000B\000r\000a\000n\000d\000i\000n\000g\000\040\000a\000n\000d\000\040\000U\000I\000\040\000D\000e\000s\000i\000g\000n\000\040\000S\000y\000s\000t\000e\000m\000\040\000\050\000T\000a\000i\000l\000w\000i\000n\000d\000\051}{}% 3
\BOOKMARK [2][-]{subsection.3.1}{\376\377\000C\000o\000l\000o\000r\000\040\000P\000a\000l\000e\000t\000t\000e}{section.3}% 4
\BOOKMARK [2][-]{subsection.3.2}{\376\377\000T\000a\000i\000l\000w\000i\000n\000d\000\040\000C\000o\000n\000f\000i\000g\000u\000r\000a\000t\000i\000o\000n}{section.3}% 5
\BOOKMARK [2][-]{subsection.3.3}{\376\377\000D\000e\000s\000i\000g\000n\000\040\000A\000e\000s\000t\000h\000e\000t\000i\000c\000s\000\040\000\050\000P\000r\000e\000m\000i\000u\000m\000\040\000M\000a\000t\000r\000i\000x\000\051}{section.3}% 6
\BOOKMARK [2][-]{subsection.3.4}{\376\377\000T\000y\000p\000o\000g\000r\000a\000p\000h\000y}{section.3}% 7
\BOOKMARK [1][-]{section.4}{\376\377\000F\000r\000o\000n\000t\000e\000n\000d\000\040\000W\000e\000b\000s\000i\000t\000e\000\040\000\050\000P\000u\000b\000l\000i\000c\000\051}{}% 8
\BOOKMARK [2][-]{subsection.4.1}{\376\377\000D\000e\000s\000i\000g\000n\000\040\000G\000o\000a\000l\000s}{section.4}% 9
\BOOKMARK [1][-]{section.5}{\376\377\000F\000r\000o\000n\000t\000e\000n\000d\000\040\000P\000a\000g\000e\000s\000\040\000a\000n\000d\000\040\000S\000e\000c\000t\000i\000o\000n\000s}{}% 10
\BOOKMARK [2][-]{subsection.5.1}{\376\377\000H\000e\000a\000d\000e\000r\000\040\000a\000n\000d\000\040\000N\000a\000v\000i\000g\000a\000t\000i\000o\000n}{section.5}% 11
\BOOKMARK [2][-]{subsection.5.2}{\376\377\000H\000e\000r\000o\000\040\000S\000e\000c\000t\000i\000o\000n}{section.5}% 12
\BOOKMARK [2][-]{subsection.5.3}{\376\377\000A\000b\000o\000u\000t\000\040\000U\000s\000\040\000S\000e\000c\000t\000i\000o\000n}{section.5}% 13
\BOOKMARK [2][-]{subsection.5.4}{\376\377\000P\000r\000o\000g\000r\000a\000m\000s\000\040\000a\000n\000d\000\040\000T\000r\000a\000i\000n\000i\000n\000g}{section.5}% 14
\BOOKMARK [2][-]{subsection.5.5}{\376\377\000B\000l\000o\000g\000s}{section.5}% 15
\BOOKMARK [2][-]{subsection.5.6}{\376\377\000C\000l\000u\000b\000s}{section.5}% 16
\BOOKMARK [2][-]{subsection.5.7}{\376\377\000C\000o\000n\000t\000a\000c\000t\000\040\000U\000s}{section.5}% 17
\BOOKMARK [2][-]{subsection.5.8}{\376\377\000G\000a\000l\000l\000e\000r\000y}{section.5}% 18
\BOOKMARK [1][-]{section.6}{\376\377\000A\000d\000m\000i\000n\000\040\000P\000o\000r\000t\000a\000l\000\040\000\050\000C\000M\000S\000\040\000D\000a\000s\000h\000b\000o\000a\000r\000d\000\051}{}% 19
\BOOKMARK [2][-]{subsection.6.1}{\376\377\000A\000u\000t\000h\000e\000n\000t\000i\000c\000a\000t\000i\000o\000n\000\040\000a\000n\000d\000\040\000R\000o\000l\000e\000s}{section.6}% 20
\BOOKMARK [2][-]{subsection.6.2}{\376\377\000D\000a\000s\000h\000b\000o\000a\000r\000d\000\040\000M\000o\000d\000u\000l\000e\000s}{section.6}% 21
\BOOKMARK [1][-]{section.7}{\376\377\000B\000a\000c\000k\000e\000n\000d\000\040\000\050\000A\000P\000I\000\040\000a\000n\000d\000\040\000L\000o\000g\000i\000c\000\051}{}% 22
\BOOKMARK [2][-]{subsection.7.1}{\376\377\000C\000o\000r\000e\000\040\000R\000e\000s\000p\000o\000n\000s\000i\000b\000i\000l\000i\000t\000i\000e\000s}{section.7}% 23
\BOOKMARK [2][-]{subsection.7.2}{\376\377\000T\000e\000c\000h\000n\000o\000l\000o\000g\000y\000\040\000S\000t\000a\000c\000k}{section.7}% 24
\BOOKMARK [2][-]{subsection.7.3}{\376\377\000A\000P\000I\000\040\000I\000n\000t\000e\000r\000c\000e\000p\000t\000o\000r\000s\000\040\000a\000n\000d\000\040\000S\000e\000c\000u\000r\000i\000t\000y}{section.7}% 25
\BOOKMARK [2][-]{subsection.7.4}{\376\377\000M\000e\000d\000i\000a\000\040\000U\000p\000l\000o\000a\000d\000\040\000A\000r\000c\000h\000i\000t\000e\000c\000t\000u\000r\000e}{section.7}% 26
\BOOKMARK [1][-]{section.8}{\376\377\000D\000a\000t\000a\000b\000a\000s\000e\000\040\000M\000o\000d\000e\000l\000s}{}% 27
\BOOKMARK [1][-]{section.9}{\376\377\000A\000d\000v\000a\000n\000c\000e\000d\000\040\000S\000y\000s\000t\000e\000m\000\040\000F\000e\000a\000t\000u\000r\000e\000s}{}% 28
\BOOKMARK [2][-]{subsection.9.1}{\376\377\000A\000u\000d\000i\000t\000\040\000L\000o\000g\000g\000i\000n\000g}{section.9}% 29
\BOOKMARK [2][-]{subsection.9.2}{\376\377\000D\000a\000t\000a\000\040\000R\000e\000c\000o\000v\000e\000r\000y\000\040\000a\000n\000d\000\040\000S\000o\000f\000t\000\040\000D\000e\000l\000e\000t\000e\000s}{section.9}% 30
\BOOKMARK [2][-]{subsection.9.3}{\376\377\000I\000n\000t\000e\000r\000a\000c\000t\000i\000v\000e\000\040\000A\000P\000I\000\040\000D\000o\000c\000u\000m\000e\000n\000t\000a\000t\000i\000o\000n}{section.9}% 31
\BOOKMARK [2][-]{subsection.9.4}{\376\377\000I\000D\000\040\000O\000b\000f\000u\000s\000c\000a\000t\000i\000o\000n\000\040\000\050\000U\000U\000I\000D\000\040\000E\000n\000c\000r\000y\000p\000t\000i\000o\000n\000\051}{section.9}% 32
\BOOKMARK [2][-]{subsection.9.5}{\376\377\000D\000a\000t\000a\000b\000a\000s\000e\000\040\000S\000c\000h\000e\000m\000a\000\040\000S\000t\000a\000n\000d\000a\000r\000d\000i\000z\000a\000t\000i\000o\000n}{section.9}% 33
\BOOKMARK [2][-]{subsection.9.6}{\376\377\000F\000r\000o\000n\000t\000e\000n\000d\000\040\000S\000t\000a\000b\000i\000l\000i\000t\000y\000\040\000E\000n\000h\000a\000n\000c\000e\000m\000e\000n\000t\000s}{section.9}% 34
\BOOKMARK [1][-]{section.10}{\376\377\000D\000o\000c\000k\000e\000r\000\040\000I\000n\000f\000r\000a\000s\000t\000r\000u\000c\000t\000u\000r\000e\000\040\000a\000n\000d\000\040\000D\000e\000p\000l\000o\000y\000m\000e\000n\000t}{}% 35
\BOOKMARK [2][-]{subsection.10.1}{\376\377\000C\000o\000n\000t\000a\000i\000n\000e\000r\000\040\000S\000e\000r\000v\000i\000c\000e\000s}{section.10}% 36
\BOOKMARK [2][-]{subsection.10.2}{\376\377\000D\000e\000p\000l\000o\000y\000m\000e\000n\000t\000\040\000W\000o\000r\000k\000f\000l\000o\000w}{section.10}% 37
\BOOKMARK [2][-]{subsection.10.3}{\376\377\000P\000r\000o\000d\000u\000c\000t\000i\000o\000n\000\040\000B\000u\000i\000l\000d\000\040\000C\000o\000m\000m\000a\000n\000d\000s}{section.10}% 38
\BOOKMARK [2][-]{subsection.10.4}{\376\377\000S\000P\000A\000\040\000R\000o\000u\000t\000i\000n\000g\000\040\000a\000n\000d\000\040\000N\000g\000i\000n\000x}{section.10}% 39
\BOOKMARK [2][-]{subsection.10.5}{\376\377\000A\000u\000t\000o\000m\000a\000t\000e\000d\000\040\000I\000n\000i\000t\000i\000a\000l\000i\000z\000a\000t\000i\000o\000n}{section.10}% 40
\BOOKMARK [1][-]{section.11}{\376\377\000P\000r\000o\000d\000u\000c\000t\000i\000o\000n\000\040\000H\000o\000s\000t\000i\000n\000g\000\040\000\050\000R\000e\000n\000d\000e\000r\000.\000c\000o\000m\000\051}{}% 41
\BOOKMARK [2][-]{subsection.11.1}{\376\377\000R\000e\000n\000d\000e\000r\000\040\000B\000l\000u\000e\000p\000r\000i\000n\000t\000\040\000\050\000r\000e\000n\000d\000e\000r\000.\000y\000a\000m\000l\000\051}{section.11}% 42
\BOOKMARK [2][-]{subsection.11.2}{\376\377\000P\000r\000o\000d\000u\000c\000t\000i\000o\000n\000\040\000D\000a\000t\000a\000\040\000S\000a\000f\000e\000t\000y}{section.11}% 43
\BOOKMARK [1][-]{section.12}{\376\377\000R\000e\000s\000o\000l\000v\000e\000d\000\040\000T\000e\000c\000h\000n\000i\000c\000a\000l\000\040\000I\000s\000s\000u\000e\000s\000\040\000\050\000v\0001\000.\0001\000.\0000\000\051}{}% 44
\BOOKMARK [1][-]{section.13}{\376\377\000N\000o\000n\000-\000F\000u\000n\000c\000t\000i\000o\000n\000a\000l\000\040\000R\000e\000q\000u\000i\000r\000e\000m\000e\000n\000t\000s}{}% 45
\BOOKMARK [1][-]{section.14}{\376\377\000F\000i\000n\000a\000l\000\040\000S\000u\000m\000m\000a\000r\000y}{}% 46
